<?xml version="1.0" encoding="UTF-8"?>
<testng-results ignored="0" total="1" passed="1" failed="0" skipped="0">
  <reporter-output>
  </reporter-output>
  <suite started-at="2023-03-13T16:57:23 IST" name="Default suite" finished-at="2023-03-13T16:57:23 IST" duration-ms="88">
    <groups>
    </groups>
    <test started-at="2023-03-13T16:57:23 IST" name="Default test" finished-at="2023-03-13T16:57:23 IST" duration-ms="88">
      <class name="ustbatchno3.TestNg.SalesTest">
        <test-method signature="Construction()[pri:0, instance:ustbatchno3.TestNg.SalesTest@3c9d0b9d]" started-at="2023-03-13T16:57:23 IST" name="Construction" finished-at="2023-03-13T16:57:23 IST" duration-ms="22" status="PASS">
          <reporter-output>
          </reporter-output>
        </test-method> <!-- Construction -->
      </class> <!-- ustbatchno3.TestNg.SalesTest -->
    </test> <!-- Default test -->
  </suite> <!-- Default suite -->
</testng-results>
